Pig Stack Trace
---------------
ERROR 1070: Could not resolve org.commoncrawl.pig.ArcLoader using imports: [, org.apache.pig.builtin., org.apache.pig.impl.builtin.]

Failed to parse: Cannot instantiate: org.commoncrawl.pig.ArcLoader
	at org.apache.pig.parser.QueryParserDriver.parse(QueryParserDriver.java:184)
	at org.apache.pig.PigServer$Graph.validateQuery(PigServer.java:1565)
	at org.apache.pig.PigServer$Graph.registerQuery(PigServer.java:1538)
	at org.apache.pig.PigServer.registerQuery(PigServer.java:540)
	at org.apache.pig.tools.grunt.GruntParser.processPig(GruntParser.java:970)
	at org.apache.pig.tools.pigscript.parser.PigScriptParser.parse(PigScriptParser.java:386)
	at org.apache.pig.tools.grunt.GruntParser.parseStopOnError(GruntParser.java:189)
	at org.apache.pig.tools.grunt.GruntParser.parseStopOnError(GruntParser.java:165)
	at org.apache.pig.tools.grunt.Grunt.run(Grunt.java:69)
	at org.apache.pig.Main.run(Main.java:490)
	at org.apache.pig.Main.main(Main.java:111)
	at sun.reflect.NativeMethodAccessorImpl.invoke0(Native Method)
	at sun.reflect.NativeMethodAccessorImpl.invoke(NativeMethodAccessorImpl.java:39)
	at sun.reflect.DelegatingMethodAccessorImpl.invoke(DelegatingMethodAccessorImpl.java:25)
	at java.lang.reflect.Method.invoke(Method.java:597)
	at org.apache.hadoop.util.RunJar.main(RunJar.java:197)
Caused by: java.lang.RuntimeException: Cannot instantiate: org.commoncrawl.pig.ArcLoader
	at org.apache.pig.impl.PigContext.instantiateFuncFromSpec(PigContext.java:510)
	at org.apache.pig.parser.LogicalPlanBuilder.validateFuncSpec(LogicalPlanBuilder.java:791)
	at org.apache.pig.parser.LogicalPlanBuilder.buildFuncSpec(LogicalPlanBuilder.java:780)
	at org.apache.pig.parser.LogicalPlanGenerator.func_clause(LogicalPlanGenerator.java:4583)
	at org.apache.pig.parser.LogicalPlanGenerator.load_clause(LogicalPlanGenerator.java:3115)
	at org.apache.pig.parser.LogicalPlanGenerator.op_clause(LogicalPlanGenerator.java:1291)
	at org.apache.pig.parser.LogicalPlanGenerator.general_statement(LogicalPlanGenerator.java:789)
	at org.apache.pig.parser.LogicalPlanGenerator.statement(LogicalPlanGenerator.java:507)
	at org.apache.pig.parser.LogicalPlanGenerator.query(LogicalPlanGenerator.java:382)
	at org.apache.pig.parser.QueryParserDriver.parse(QueryParserDriver.java:175)
	... 15 more
Caused by: org.apache.pig.backend.executionengine.ExecException: ERROR 1070: Could not resolve org.commoncrawl.pig.ArcLoader using imports: [, org.apache.pig.builtin., org.apache.pig.impl.builtin.]
	at org.apache.pig.impl.PigContext.resolveClassName(PigContext.java:495)
	at org.apache.pig.impl.PigContext.instantiateFuncFromSpec(PigContext.java:507)
	... 24 more
================================================================================
Pig Stack Trace
---------------
ERROR 1200: Pig script failed to parse: 
<line 1, column 11> Undefined alias: a

Failed to parse: Pig script failed to parse: 
<line 1, column 11> Undefined alias: a
	at org.apache.pig.parser.QueryParserDriver.parse(QueryParserDriver.java:182)
	at org.apache.pig.PigServer$Graph.validateQuery(PigServer.java:1565)
	at org.apache.pig.PigServer$Graph.registerQuery(PigServer.java:1538)
	at org.apache.pig.PigServer.registerQuery(PigServer.java:540)
	at org.apache.pig.tools.grunt.GruntParser.processPig(GruntParser.java:970)
	at org.apache.pig.tools.pigscript.parser.PigScriptParser.parse(PigScriptParser.java:386)
	at org.apache.pig.tools.grunt.GruntParser.parseStopOnError(GruntParser.java:189)
	at org.apache.pig.tools.grunt.GruntParser.parseStopOnError(GruntParser.java:165)
	at org.apache.pig.tools.grunt.Grunt.run(Grunt.java:69)
	at org.apache.pig.Main.run(Main.java:490)
	at org.apache.pig.Main.main(Main.java:111)
	at sun.reflect.NativeMethodAccessorImpl.invoke0(Native Method)
	at sun.reflect.NativeMethodAccessorImpl.invoke(NativeMethodAccessorImpl.java:39)
	at sun.reflect.DelegatingMethodAccessorImpl.invoke(DelegatingMethodAccessorImpl.java:25)
	at java.lang.reflect.Method.invoke(Method.java:597)
	at org.apache.hadoop.util.RunJar.main(RunJar.java:197)
Caused by: 
<line 1, column 11> Undefined alias: a
	at org.apache.pig.parser.AstValidator.validateAliasRef(AstValidator.java:246)
	at org.apache.pig.parser.AstValidator.rel(AstValidator.java:4957)
	at org.apache.pig.parser.AstValidator.filter_clause(AstValidator.java:5530)
	at org.apache.pig.parser.AstValidator.op_clause(AstValidator.java:1277)
	at org.apache.pig.parser.AstValidator.general_statement(AstValidator.java:719)
	at org.apache.pig.parser.AstValidator.statement(AstValidator.java:438)
	at org.apache.pig.parser.AstValidator.query(AstValidator.java:326)
	at org.apache.pig.parser.QueryParserDriver.validateAst(QueryParserDriver.java:240)
	at org.apache.pig.parser.QueryParserDriver.parse(QueryParserDriver.java:172)
	... 15 more
================================================================================
Pig Stack Trace
---------------
ERROR 1200: Pig script failed to parse: 
<line 1, column 11> Undefined alias: a

Failed to parse: Pig script failed to parse: 
<line 1, column 11> Undefined alias: a
	at org.apache.pig.parser.QueryParserDriver.parse(QueryParserDriver.java:182)
	at org.apache.pig.PigServer$Graph.validateQuery(PigServer.java:1565)
	at org.apache.pig.PigServer$Graph.registerQuery(PigServer.java:1538)
	at org.apache.pig.PigServer.registerQuery(PigServer.java:540)
	at org.apache.pig.tools.grunt.GruntParser.processPig(GruntParser.java:970)
	at org.apache.pig.tools.pigscript.parser.PigScriptParser.parse(PigScriptParser.java:386)
	at org.apache.pig.tools.grunt.GruntParser.parseStopOnError(GruntParser.java:189)
	at org.apache.pig.tools.grunt.GruntParser.parseStopOnError(GruntParser.java:165)
	at org.apache.pig.tools.grunt.Grunt.run(Grunt.java:69)
	at org.apache.pig.Main.run(Main.java:490)
	at org.apache.pig.Main.main(Main.java:111)
	at sun.reflect.NativeMethodAccessorImpl.invoke0(Native Method)
	at sun.reflect.NativeMethodAccessorImpl.invoke(NativeMethodAccessorImpl.java:39)
	at sun.reflect.DelegatingMethodAccessorImpl.invoke(DelegatingMethodAccessorImpl.java:25)
	at java.lang.reflect.Method.invoke(Method.java:597)
	at org.apache.hadoop.util.RunJar.main(RunJar.java:197)
Caused by: 
<line 1, column 11> Undefined alias: a
	at org.apache.pig.parser.AstValidator.validateAliasRef(AstValidator.java:246)
	at org.apache.pig.parser.AstValidator.rel(AstValidator.java:4957)
	at org.apache.pig.parser.AstValidator.filter_clause(AstValidator.java:5530)
	at org.apache.pig.parser.AstValidator.op_clause(AstValidator.java:1277)
	at org.apache.pig.parser.AstValidator.general_statement(AstValidator.java:719)
	at org.apache.pig.parser.AstValidator.statement(AstValidator.java:438)
	at org.apache.pig.parser.AstValidator.query(AstValidator.java:326)
	at org.apache.pig.parser.QueryParserDriver.validateAst(QueryParserDriver.java:240)
	at org.apache.pig.parser.QueryParserDriver.parse(QueryParserDriver.java:172)
	... 15 more
================================================================================
