Pig Stack Trace
---------------
ERROR 1200: <line 4, column 0>  mismatched input 'dump' expecting SEMI_COLON

Failed to parse: <line 4, column 0>  mismatched input 'dump' expecting SEMI_COLON
	at org.apache.pig.parser.QueryParserDriver.parse(QueryParserDriver.java:226)
	at org.apache.pig.parser.QueryParserDriver.parse(QueryParserDriver.java:168)
	at org.apache.pig.PigServer$Graph.validateQuery(PigServer.java:1565)
	at org.apache.pig.PigServer$Graph.registerQuery(PigServer.java:1538)
	at org.apache.pig.PigServer.registerQuery(PigServer.java:540)
	at org.apache.pig.tools.grunt.GruntParser.processPig(GruntParser.java:970)
	at org.apache.pig.tools.pigscript.parser.PigScriptParser.parse(PigScriptParser.java:386)
	at org.apache.pig.tools.grunt.GruntParser.parseStopOnError(GruntParser.java:189)
	at org.apache.pig.tools.grunt.GruntParser.parseStopOnError(GruntParser.java:165)
	at org.apache.pig.tools.grunt.Grunt.run(Grunt.java:69)
	at org.apache.pig.Main.run(Main.java:490)
	at org.apache.pig.Main.main(Main.java:111)
	at sun.reflect.NativeMethodAccessorImpl.invoke0(Native Method)
	at sun.reflect.NativeMethodAccessorImpl.invoke(NativeMethodAccessorImpl.java:39)
	at sun.reflect.DelegatingMethodAccessorImpl.invoke(DelegatingMethodAccessorImpl.java:25)
	at java.lang.reflect.Method.invoke(Method.java:597)
	at org.apache.hadoop.util.RunJar.main(RunJar.java:197)
================================================================================
