Pig Stack Trace
---------------
ERROR 1200: <line 3, column 14>  mismatched input 'charset' expecting GENERATE

Failed to parse: <line 3, column 14>  mismatched input 'charset' expecting GENERATE
	at org.apache.pig.parser.QueryParserDriver.parse(QueryParserDriver.java:226)
	at org.apache.pig.parser.QueryParserDriver.parse(QueryParserDriver.java:168)
	at org.apache.pig.PigServer$Graph.validateQuery(PigServer.java:1565)
	at org.apache.pig.PigServer$Graph.registerQuery(PigServer.java:1538)
	at org.apache.pig.PigServer.registerQuery(PigServer.java:540)
	at org.apache.pig.tools.grunt.GruntParser.processPig(GruntParser.java:970)
	at org.apache.pig.tools.pigscript.parser.PigScriptParser.parse(PigScriptParser.java:386)
	at org.apache.pig.tools.grunt.GruntParser.parseStopOnError(GruntParser.java:189)
	at org.apache.pig.tools.grunt.GruntParser.parseStopOnError(GruntParser.java:165)
	at org.apache.pig.tools.grunt.Grunt.run(Grunt.java:69)
	at org.apache.pig.Main.run(Main.java:490)
	at org.apache.pig.Main.main(Main.java:111)
	at sun.reflect.NativeMethodAccessorImpl.invoke0(Native Method)
	at sun.reflect.NativeMethodAccessorImpl.invoke(NativeMethodAccessorImpl.java:39)
	at sun.reflect.DelegatingMethodAccessorImpl.invoke(DelegatingMethodAccessorImpl.java:25)
	at java.lang.reflect.Method.invoke(Method.java:597)
	at org.apache.hadoop.util.RunJar.main(RunJar.java:197)
================================================================================
Backend error message
---------------------
java.lang.RuntimeException: java.lang.reflect.InvocationTargetException
	at org.apache.hadoop.util.ReflectionUtils.newInstance(ReflectionUtils.java:115)
	at org.commoncrawl.hadoop.mapred.ArcRecordReader.nextKeyValue(ArcRecordReader.java:109)
	at org.commoncrawl.pig.ArcLoader.getNext(ArcLoader.java:60)
	at org.apache.pig.backend.hadoop.executionengine.mapReduceLayer.PigRecordReader.nextKeyValue(PigRecordReader.java:194)
	at org.apache.hadoop.mapred.MapTask$NewTrackingRecordReader.nextKeyValue(MapTask.java:456)
	at org.apache.hadoop.mapreduce.MapContext.nextKeyValue(MapContext.java:67)
	at org.apache.hadoop.mapreduce.Mapper.run(Mapper.java:143)
	at org.apache.hadoop.mapred.MapTask.runNewMapper(MapTask.java:647)
	at org.apache.hadoop.mapred.MapTask.run(MapTask.java:323)
	at org.apache.hadoop.mapred.Child$4.run(Child.java:270)
	at java.security.AccessController.doPrivileged(Native Method)
	at javax.security.auth.Subject.doAs(Subject.java:396)
	at org.apache.hadoop.security.UserGroupInformation.doAs(UserGroupInfor

