Backend error message during job submission
-------------------------------------------
org.apache.pig.backend.executionengine.ExecException: ERROR 2118: Input path does not exist: hdfs://p-head03.alley.sara.nl/data/public/common-crawl/award/testset.arc.gz
	at org.apache.pig.backend.hadoop.executionengine.mapReduceLayer.PigInputFormat.getSplits(PigInputFormat.java:285)
	at org.apache.hadoop.mapred.JobClient.writeNewSplits(JobClient.java:944)
	at org.apache.hadoop.mapred.JobClient.writeSplits(JobClient.java:961)
	at org.apache.hadoop.mapred.JobClient.access$500(JobClient.java:170)
	at org.apache.hadoop.mapred.JobClient$2.run(JobClient.java:880)
	at org.apache.hadoop.mapred.JobClient$2.run(JobClient.java:833)
	at java.security.AccessController.doPrivileged(Native Method)
	at javax.security.auth.Subject.doAs(Subject.java:396)
	at org.apache.hadoop.security.UserGroupInformation.doAs(UserGroupInformation.java:1157)
	at org.apache.hadoop.mapred.JobClient.submitJobInternal(JobClient.java:833)
	at org.apache.hadoop.mapred.JobClient.submitJob(JobClient.java:807)
	at org.apache.hadoop.mapred.jobcontrol.Job.submit(Job.java:378)
	at org.apache.hadoop.mapred.jobcontrol.JobControl.startReadyJobs(JobControl.java:247)
	at org.apache.hadoop.mapred.jobcontrol.JobControl.run(JobControl.java:279)
	at java.lang.Thread.run(Thread.java:662)
	at org.apache.pig.backend.hadoop.executionengine.mapReduceLayer.MapReduceLauncher$1.run(MapReduceLauncher.java:260)
Caused by: org.apache.hadoop.mapreduce.lib.input.InvalidInputException: Input path does not exist: hdfs://p-head03.alley.sara.nl/data/public/common-crawl/award/testset.arc.gz
	at org.apache.hadoop.mapreduce.lib.input.FileInputFormat.listStatus(FileInputFormat.java:231)
	at org.apache.hadoop.mapreduce.lib.input.FileInputFormat.getSplits(FileInputFormat.java:248)
	at org.apache.pig.backend.hadoop.executionengine.mapReduceLayer.PigInputFormat.getSplits(PigInputFormat.java:273)
	... 15 more

Pig Stack Trace
---------------
ERROR 2244: Job failed, hadoop does not return any error message

org.apache.pig.backend.executionengine.ExecException: ERROR 2244: Job failed, hadoop does not return any error message
	at org.apache.pig.tools.grunt.GruntParser.executeBatch(GruntParser.java:140)
	at org.apache.pig.tools.grunt.GruntParser.processDump(GruntParser.java:681)
	at org.apache.pig.tools.pigscript.parser.PigScriptParser.parse(PigScriptParser.java:303)
	at org.apache.pig.tools.grunt.GruntParser.parseStopOnError(GruntParser.java:189)
	at org.apache.pig.tools.grunt.GruntParser.parseStopOnError(GruntParser.java:165)
	at org.apache.pig.tools.grunt.Grunt.exec(Grunt.java:84)
	at org.apache.pig.Main.run(Main.java:555)
	at org.apache.pig.Main.main(Main.java:111)
	at sun.reflect.NativeMethodAccessorImpl.invoke0(Native Method)
	at sun.reflect.NativeMethodAccessorImpl.invoke(NativeMethodAccessorImpl.java:39)
	at sun.reflect.DelegatingMethodAccessorImpl.invoke(DelegatingMethodAccessorImpl.java:25)
	at java.lang.reflect.Method.invoke(Method.java:597)
	at org.apache.hadoop.util.RunJar.main(RunJar.java:197)
================================================================================
Backend error message during job submission
-------------------------------------------
org.apache.pig.backend.executionengine.ExecException: ERROR 2118: Input path does not exist: hdfs://p-head03.alley.sara.nl/data/public/common-crawl/award/testset.arc.gz
	at org.apache.pig.backend.hadoop.executionengine.mapReduceLayer.PigInputFormat.getSplits(PigInputFormat.java:285)
	at org.apache.hadoop.mapred.JobClient.writeNewSplits(JobClient.java:944)
	at org.apache.hadoop.mapred.JobClient.writeSplits(JobClient.java:961)
	at org.apache.hadoop.mapred.JobClient.access$500(JobClient.java:170)
	at org.apache.hadoop.mapred.JobClient$2.run(JobClient.java:880)
	at org.apache.hadoop.mapred.JobClient$2.run(JobClient.java:833)
	at java.security.AccessController.doPrivileged(Native Method)
	at javax.security.auth.Subject.doAs(Subject.java:396)
	at org.apache.hadoop.security.UserGroupInformation.doAs(UserGroupInformation.java:1157)
	at org.apache.hadoop.mapred.JobClient.submitJobInternal(JobClient.java:833)
	at org.apache.hadoop.mapred.JobClient.submitJob(JobClient.java:807)
	at org.apache.hadoop.mapred.jobcontrol.Job.submit(Job.java:378)
	at org.apache.hadoop.mapred.jobcontrol.JobControl.startReadyJobs(JobControl.java:247)
	at org.apache.hadoop.mapred.jobcontrol.JobControl.run(JobControl.java:279)
	at java.lang.Thread.run(Thread.java:662)
	at org.apache.pig.backend.hadoop.executionengine.mapReduceLayer.MapReduceLauncher$1.run(MapReduceLauncher.java:260)
Caused by: org.apache.hadoop.mapreduce.lib.input.InvalidInputException: Input path does not exist: hdfs://p-head03.alley.sara.nl/data/public/common-crawl/award/testset.arc.gz
	at org.apache.hadoop.mapreduce.lib.input.FileInputFormat.listStatus(FileInputFormat.java:231)
	at org.apache.hadoop.mapreduce.lib.input.FileInputFormat.getSplits(FileInputFormat.java:248)
	at org.apache.pig.backend.hadoop.executionengine.mapReduceLayer.PigInputFormat.getSplits(PigInputFormat.java:273)
	... 15 more

Pig Stack Trace
---------------
ERROR 1066: Unable to open iterator for alias d

org.apache.pig.impl.logicalLayer.FrontendException: ERROR 1066: Unable to open iterator for alias d
	at org.apache.pig.PigServer.openIterator(PigServer.java:857)
	at org.apache.pig.tools.grunt.GruntParser.processDump(GruntParser.java:682)
	at org.apache.pig.tools.pigscript.parser.PigScriptParser.parse(PigScriptParser.java:303)
	at org.apache.pig.tools.grunt.GruntParser.parseStopOnError(GruntParser.java:189)
	at org.apache.pig.tools.grunt.GruntParser.parseStopOnError(GruntParser.java:165)
	at org.apache.pig.tools.grunt.Grunt.exec(Grunt.java:84)
	at org.apache.pig.Main.run(Main.java:555)
	at org.apache.pig.Main.main(Main.java:111)
	at sun.reflect.NativeMethodAccessorImpl.invoke0(Native Method)
	at sun.reflect.NativeMethodAccessorImpl.invoke(NativeMethodAccessorImpl.java:39)
	at sun.reflect.DelegatingMethodAccessorImpl.invoke(DelegatingMethodAccessorImpl.java:25)
	at java.lang.reflect.Method.invoke(Method.java:597)
	at org.apache.hadoop.util.RunJar.main(RunJar.java:197)
Caused by: java.io.IOException: Job terminated with anomalous status FAILED
	at org.apache.pig.PigServer.openIterator(PigServer.java:849)
	... 12 more
================================================================================
