Error before Pig is launched
----------------------------
ERROR 2999: Unexpected internal error. Shutdown in progress

java.lang.IllegalStateException: Shutdown in progress
	at java.lang.ApplicationShutdownHooks.add(ApplicationShutdownHooks.java:39)
	at java.lang.Runtime.addShutdownHook(Runtime.java:192)
	at org.apache.hadoop.fs.FileSystem$Cache.getInternal(FileSystem.java:1607)
	at org.apache.hadoop.fs.FileSystem$Cache.get(FileSystem.java:1579)
	at org.apache.hadoop.fs.FileSystem.get(FileSystem.java:228)
	at org.apache.hadoop.fs.FileSystem.get(FileSystem.java:111)
	at org.apache.pig.backend.hadoop.datastorage.HDataStorage.init(HDataStorage.java:72)
	at org.apache.pig.backend.hadoop.datastorage.HDataStorage.<init>(HDataStorage.java:58)
	at org.apache.pig.backend.hadoop.executionengine.HExecutionEngine.init(HExecutionEngine.java:205)
	at org.apache.pig.backend.hadoop.executionengine.HExecutionEngine.init(HExecutionEngine.java:118)
	at org.apache.pig.impl.PigContext.connect(PigContext.java:208)
	at org.apache.pig.PigServer.<init>(PigServer.java:246)
	at org.apache.pig.PigServer.<init>(PigServer.java:231)
	at org.apache.pig.tools.grunt.Grunt.<init>(Grunt.java:47)
	at org.apache.pig.Main.run(Main.java:547)
	at org.apache.pig.Main.main(Main.java:111)
	at sun.reflect.NativeMethodAccessorImpl.invoke0(Native Method)
	at sun.reflect.NativeMethodAccessorImpl.invoke(NativeMethodAccessorImpl.java:39)
	at sun.reflect.DelegatingMethodAccessorImpl.invoke(DelegatingMethodAccessorImpl.java:25)
	at java.lang.reflect.Method.invoke(Method.java:597)
	at org.apache.hadoop.util.RunJar.main(RunJar.java:197)
================================================================================
