Pig Stack Trace
---------------
ERROR 1200: Pig script failed to parse: 
<line 2, column 10> Undefined alias: b

Failed to parse: Pig script failed to parse: 
<line 2, column 10> Undefined alias: b
	at org.apache.pig.parser.QueryParserDriver.parse(QueryParserDriver.java:182)
	at org.apache.pig.PigServer$Graph.validateQuery(PigServer.java:1565)
	at org.apache.pig.PigServer$Graph.registerQuery(PigServer.java:1538)
	at org.apache.pig.PigServer.registerQuery(PigServer.java:540)
	at org.apache.pig.tools.grunt.GruntParser.processPig(GruntParser.java:970)
	at org.apache.pig.tools.pigscript.parser.PigScriptParser.parse(PigScriptParser.java:386)
	at org.apache.pig.tools.grunt.GruntParser.parseStopOnError(GruntParser.java:189)
	at org.apache.pig.tools.grunt.GruntParser.parseStopOnError(GruntParser.java:165)
	at org.apache.pig.tools.grunt.Grunt.run(Grunt.java:69)
	at org.apache.pig.Main.run(Main.java:490)
	at org.apache.pig.Main.main(Main.java:111)
	at sun.reflect.NativeMethodAccessorImpl.invoke0(Native Method)
	at sun.reflect.NativeMethodAccessorImpl.invoke(NativeMethodAccessorImpl.java:39)
	at sun.reflect.DelegatingMethodAccessorImpl.invoke(DelegatingMethodAccessorImpl.java:25)
	at java.lang.reflect.Method.invoke(Method.java:597)
	at org.apache.hadoop.util.RunJar.main(RunJar.java:197)
Caused by: 
<line 2, column 10> Undefined alias: b
	at org.apache.pig.parser.AstValidator.validateAliasRef(AstValidator.java:246)
	at org.apache.pig.parser.AstValidator.rel(AstValidator.java:4957)
	at org.apache.pig.parser.AstValidator.group_item(AstValidator.java:4732)
	at org.apache.pig.parser.AstValidator.group_clause(AstValidator.java:4519)
	at org.apache.pig.parser.AstValidator.op_clause(AstValidator.java:1237)
	at org.apache.pig.parser.AstValidator.general_statement(AstValidator.java:719)
	at org.apache.pig.parser.AstValidator.statement(AstValidator.java:438)
	at org.apache.pig.parser.AstValidator.query(AstValidator.java:326)
	at org.apache.pig.parser.QueryParserDriver.validateAst(QueryParserDriver.java:240)
	at org.apache.pig.parser.QueryParserDriver.parse(QueryParserDriver.java:172)
	... 15 more
================================================================================
