Pig Stack Trace
---------------
ERROR 1200: Pig script failed to parse: 
<file maaktuples.pig, line 6, column 16> Failed to generate logical plan. Nested exception: java.io.IOException: Invalid ship specification: 'script3.pl' does not exist!

org.apache.pig.impl.logicalLayer.FrontendException: ERROR 1000: Error during parsing. Pig script failed to parse: 
<file maaktuples.pig, line 6, column 16> Failed to generate logical plan. Nested exception: java.io.IOException: Invalid ship specification: 'script3.pl' does not exist!
	at org.apache.pig.PigServer$Graph.parseQuery(PigServer.java:1597)
	at org.apache.pig.PigServer$Graph.registerQuery(PigServer.java:1540)
	at org.apache.pig.PigServer.registerQuery(PigServer.java:540)
	at org.apache.pig.tools.grunt.GruntParser.processPig(GruntParser.java:970)
	at org.apache.pig.tools.pigscript.parser.PigScriptParser.parse(PigScriptParser.java:386)
	at org.apache.pig.tools.grunt.GruntParser.parseStopOnError(GruntParser.java:189)
	at org.apache.pig.tools.grunt.GruntParser.parseStopOnError(GruntParser.java:165)
	at org.apache.pig.tools.grunt.Grunt.exec(Grunt.java:84)
	at org.apache.pig.Main.run(Main.java:555)
	at org.apache.pig.Main.main(Main.java:111)
	at sun.reflect.NativeMethodAccessorImpl.invoke0(Native Method)
	at sun.reflect.NativeMethodAccessorImpl.invoke(NativeMethodAccessorImpl.java:39)
	at sun.reflect.DelegatingMethodAccessorImpl.invoke(DelegatingMethodAccessorImpl.java:25)
	at java.lang.reflect.Method.invoke(Method.java:597)
	at org.apache.hadoop.util.RunJar.main(RunJar.java:197)
Caused by: Failed to parse: Pig script failed to parse: 
<file maaktuples.pig, line 6, column 16> Failed to generate logical plan. Nested exception: java.io.IOException: Invalid ship specification: 'script3.pl' does not exist!
	at org.apache.pig.parser.QueryParserDriver.parse(QueryParserDriver.java:182)
	at org.apache.pig.PigServer$Graph.parseQuery(PigServer.java:1589)
	... 14 more
Caused by: 
<file maaktuples.pig, line 6, column 16> Failed to generate logical plan. Nested exception: java.io.IOException: Invalid ship specification: 'script3.pl' does not exist!
	at org.apache.pig.parser.LogicalPlanBuilder.buildCommand(LogicalPlanBuilder.java:709)
	at org.apache.pig.parser.LogicalPlanGenerator.cmd(LogicalPlanGenerator.java:2029)
	at org.apache.pig.parser.LogicalPlanGenerator.define_clause(LogicalPlanGenerator.java:1734)
	at org.apache.pig.parser.LogicalPlanGenerator.op_clause(LogicalPlanGenerator.java:1271)
	at org.apache.pig.parser.LogicalPlanGenerator.general_statement(LogicalPlanGenerator.java:789)
	at org.apache.pig.parser.LogicalPlanGenerator.statement(LogicalPlanGenerator.java:507)
	at org.apache.pig.parser.LogicalPlanGenerator.query(LogicalPlanGenerator.java:382)
	at org.apache.pig.parser.QueryParserDriver.parse(QueryParserDriver.java:175)
	... 15 more
Caused by: java.io.IOException: Invalid ship specification: 'script3.pl' does not exist!
	at org.apache.pig.impl.streaming.StreamingCommand.addPathToShip(StreamingCommand.java:168)
	at org.apache.pig.parser.LogicalPlanBuilder.buildCommand(LogicalPlanBuilder.java:681)
	... 22 more
================================================================================
