Pig Stack Trace
---------------
ERROR 101: file 'git/commoncrawl-examples/lib/*.jar' does not exist.

org.apache.pig.backend.executionengine.ExecException: ERROR 101: file 'git/commoncrawl-examples/lib/*.jar' does not exist.
	at org.apache.pig.impl.io.FileLocalizer.fetchFilesInternal(FileLocalizer.java:796)
	at org.apache.pig.impl.io.FileLocalizer.fetchFiles(FileLocalizer.java:748)
	at org.apache.pig.PigServer.registerJar(PigServer.java:487)
	at org.apache.pig.tools.grunt.GruntParser.processRegister(GruntParser.java:419)
	at org.apache.pig.tools.pigscript.parser.PigScriptParser.parse(PigScriptParser.java:419)
	at org.apache.pig.tools.grunt.GruntParser.parseStopOnError(GruntParser.java:189)
	at org.apache.pig.tools.grunt.GruntParser.parseStopOnError(GruntParser.java:165)
	at org.apache.pig.tools.grunt.Grunt.exec(Grunt.java:84)
	at org.apache.pig.Main.run(Main.java:555)
	at org.apache.pig.Main.main(Main.java:111)
	at sun.reflect.NativeMethodAccessorImpl.invoke0(Native Method)
	at sun.reflect.NativeMethodAccessorImpl.invoke(NativeMethodAccessorImpl.java:39)
	at sun.reflect.DelegatingMethodAccessorImpl.invoke(DelegatingMethodAccessorImpl.java:25)
	at java.lang.reflect.Method.invoke(Method.java:597)
	at org.apache.hadoop.util.RunJar.main(RunJar.java:197)
================================================================================
